{
"contracts/NftMarketplace.sol":{"l":{"68":13,"69":13,"70":1,"74":12,"82":18,"83":18,"84":18,"85":3,"87":15,"91":8,"92":8,"93":3,"95":5,"114":11,"115":1,"117":10,"118":10,"119":1,"121":9,"122":9,"138":3,"139":3,"140":3,"141":3,"142":1,"144":2,"146":2,"148":2,"149":2,"150":2,"166":1,"167":1,"183":1,"184":1,"195":0,"196":0,"197":0,"199":0,"200":0,"201":0,"202":0,"215":2,"219":2},"path":"/home/nachoddiaz/Curso32/hardhat-nft-marketplace/contracts/NftMarketplace.sol","s":{"1":13,"2":13,"3":18,"4":18,"5":18,"6":8,"7":8,"8":11,"9":10,"10":10,"11":9,"12":3,"13":3,"14":3,"15":2,"16":2,"17":1,"18":1,"19":0,"20":0,"21":0,"22":0,"23":2,"24":2},"b":{"1":[1,12],"2":[3,15],"3":[3,5],"4":[12,1],"5":[11,1],"6":[1,10],"7":[1,9],"8":[4,0],"9":[3,1],"10":[3,0],"11":[1,2],"12":[2,1],"13":[1,1],"14":[2,1],"15":[1,1],"16":[0,0],"17":[0,0]},"f":{"1":13,"2":18,"3":8,"4":11,"5":3,"6":1,"7":1,"8":0,"9":2,"10":2},"fnMap":{"1":{"name":"notListed","line":63,"loc":{"start":{"line":63,"column":4},"end":{"line":75,"column":4}}},"2":{"name":"isOwner","line":77,"loc":{"start":{"line":77,"column":4},"end":{"line":88,"column":4}}},"3":{"name":"isListed","line":90,"loc":{"start":{"line":90,"column":4},"end":{"line":96,"column":4}}},"4":{"name":"listItem","line":113,"loc":{"start":{"line":109,"column":4},"end":{"line":123,"column":4}}},"5":{"name":"buyItem","line":136,"loc":{"start":{"line":132,"column":4},"end":{"line":151,"column":4}}},"6":{"name":"cancelListing","line":164,"loc":{"start":{"line":161,"column":4},"end":{"line":168,"column":4}}},"7":{"name":"updateListing","line":182,"loc":{"start":{"line":178,"column":4},"end":{"line":185,"column":4}}},"8":{"name":"withdrawPayment","line":194,"loc":{"start":{"line":194,"column":4},"end":{"line":204,"column":4}}},"9":{"name":"getListings","line":210,"loc":{"start":{"line":210,"column":4},"end":{"line":216,"column":4}}},"10":{"name":"getProceeds","line":218,"loc":{"start":{"line":218,"column":4},"end":{"line":220,"column":4}}}},"statementMap":{"1":{"start":{"line":68,"column":8},"end":{"line":68,"column":64}},"2":{"start":{"line":69,"column":8},"end":{"line":69,"column":1954}},"3":{"start":{"line":82,"column":8},"end":{"line":82,"column":41}},"4":{"start":{"line":83,"column":8},"end":{"line":83,"column":44}},"5":{"start":{"line":84,"column":8},"end":{"line":84,"column":2390}},"6":{"start":{"line":91,"column":8},"end":{"line":91,"column":64}},"7":{"start":{"line":92,"column":8},"end":{"line":92,"column":2624}},"8":{"start":{"line":114,"column":8},"end":{"line":114,"column":3366}},"9":{"start":{"line":117,"column":8},"end":{"line":117,"column":41}},"10":{"start":{"line":118,"column":8},"end":{"line":118,"column":3510}},"11":{"start":{"line":122,"column":8},"end":{"line":122,"column":63}},"12":{"start":{"line":138,"column":8},"end":{"line":138,"column":67}},"13":{"start":{"line":139,"column":8},"end":{"line":139,"column":33}},"14":{"start":{"line":141,"column":8},"end":{"line":141,"column":4298}},"15":{"start":{"line":148,"column":8},"end":{"line":148,"column":83}},"16":{"start":{"line":149,"column":8},"end":{"line":149,"column":74}},"17":{"start":{"line":167,"column":8},"end":{"line":167,"column":58}},"18":{"start":{"line":184,"column":8},"end":{"line":184,"column":66}},"19":{"start":{"line":195,"column":8},"end":{"line":195,"column":49}},"20":{"start":{"line":196,"column":8},"end":{"line":196,"column":6549}},"21":{"start":{"line":200,"column":8},"end":{"line":200,"column":72}},"22":{"start":{"line":201,"column":8},"end":{"line":201,"column":6747}},"23":{"start":{"line":215,"column":8},"end":{"line":215,"column":46}},"24":{"start":{"line":219,"column":8},"end":{"line":219,"column":33}}},"branchMap":{"1":{"line":69,"type":"if","locations":[{"start":{"line":69,"column":8},"end":{"line":69,"column":8}},{"start":{"line":69,"column":8},"end":{"line":69,"column":8}}]},"2":{"line":84,"type":"if","locations":[{"start":{"line":84,"column":8},"end":{"line":84,"column":8}},{"start":{"line":84,"column":8},"end":{"line":84,"column":8}}]},"3":{"line":92,"type":"if","locations":[{"start":{"line":92,"column":8},"end":{"line":92,"column":8}},{"start":{"line":92,"column":8},"end":{"line":92,"column":8}}]},"4":{"line":113,"type":"if","locations":[{"start":{"line":113,"column":15},"end":{"line":113,"column":15}},{"start":{"line":113,"column":15},"end":{"line":113,"column":15}}]},"5":{"line":113,"type":"if","locations":[{"start":{"line":113,"column":58},"end":{"line":113,"column":58}},{"start":{"line":113,"column":58},"end":{"line":113,"column":58}}]},"6":{"line":114,"type":"if","locations":[{"start":{"line":114,"column":8},"end":{"line":114,"column":8}},{"start":{"line":114,"column":8},"end":{"line":114,"column":8}}]},"7":{"line":118,"type":"if","locations":[{"start":{"line":118,"column":8},"end":{"line":118,"column":8}},{"start":{"line":118,"column":8},"end":{"line":118,"column":8}}]},"8":{"line":135,"type":"if","locations":[{"start":{"line":135,"column":8},"end":{"line":135,"column":8}},{"start":{"line":135,"column":8},"end":{"line":135,"column":8}}]},"9":{"line":136,"type":"if","locations":[{"start":{"line":136,"column":8},"end":{"line":136,"column":8}},{"start":{"line":136,"column":8},"end":{"line":136,"column":8}}]},"10":{"line":139,"type":"if","locations":[{"start":{"line":139,"column":8},"end":{"line":139,"column":8}},{"start":{"line":139,"column":8},"end":{"line":139,"column":8}}]},"11":{"line":141,"type":"if","locations":[{"start":{"line":141,"column":8},"end":{"line":141,"column":8}},{"start":{"line":141,"column":8},"end":{"line":141,"column":8}}]},"12":{"line":163,"type":"if","locations":[{"start":{"line":163,"column":8},"end":{"line":163,"column":8}},{"start":{"line":163,"column":8},"end":{"line":163,"column":8}}]},"13":{"line":164,"type":"if","locations":[{"start":{"line":164,"column":8},"end":{"line":164,"column":8}},{"start":{"line":164,"column":8},"end":{"line":164,"column":8}}]},"14":{"line":182,"type":"if","locations":[{"start":{"line":182,"column":15},"end":{"line":182,"column":15}},{"start":{"line":182,"column":15},"end":{"line":182,"column":15}}]},"15":{"line":182,"type":"if","locations":[{"start":{"line":182,"column":56},"end":{"line":182,"column":56}},{"start":{"line":182,"column":56},"end":{"line":182,"column":56}}]},"16":{"line":196,"type":"if","locations":[{"start":{"line":196,"column":8},"end":{"line":196,"column":8}},{"start":{"line":196,"column":8},"end":{"line":196,"column":8}}]},"17":{"line":201,"type":"if","locations":[{"start":{"line":201,"column":8},"end":{"line":201,"column":8}},{"start":{"line":201,"column":8},"end":{"line":201,"column":8}}]}}},
"contracts/PriceConverter.sol":{"l":{"8":0,"9":0,"17":0,"18":0,"20":0},"path":"/home/nachoddiaz/Curso32/hardhat-nft-marketplace/contracts/PriceConverter.sol","s":{"1":0,"2":0,"3":0,"4":0,"5":0},"b":{},"f":{"1":0,"2":0},"fnMap":{"1":{"name":"getPrice","line":7,"loc":{"start":{"line":7,"column":4},"end":{"line":10,"column":4}}},"2":{"name":"getConvRate","line":12,"loc":{"start":{"line":12,"column":4},"end":{"line":21,"column":4}}}},"statementMap":{"1":{"start":{"line":8,"column":8},"end":{"line":8,"column":61}},"2":{"start":{"line":9,"column":8},"end":{"line":9,"column":37}},"3":{"start":{"line":17,"column":8},"end":{"line":17,"column":46}},"4":{"start":{"line":18,"column":8},"end":{"line":18,"column":56}},"5":{"start":{"line":20,"column":8},"end":{"line":20,"column":23}}},"branchMap":{}},
"contracts/ReentrancyAttacks/Vulnerable.sol":{"l":{"9":0,"13":0,"14":0,"16":0,"17":0,"19":0,"24":0},"path":"/home/nachoddiaz/Curso32/hardhat-nft-marketplace/contracts/ReentrancyAttacks/Vulnerable.sol","s":{"1":0,"2":0,"3":0,"4":0,"5":0},"b":{"1":[0,0],"2":[0,0]},"f":{"1":0,"2":0,"3":0},"fnMap":{"1":{"name":"deposit","line":8,"loc":{"start":{"line":8,"column":4},"end":{"line":10,"column":4}}},"2":{"name":"withdraw","line":12,"loc":{"start":{"line":12,"column":4},"end":{"line":20,"column":4}}},"3":{"name":"getBalance","line":23,"loc":{"start":{"line":23,"column":4},"end":{"line":25,"column":4}}}},"statementMap":{"1":{"start":{"line":13,"column":8},"end":{"line":13,"column":42}},"2":{"start":{"line":14,"column":8},"end":{"line":14,"column":23}},"3":{"start":{"line":16,"column":8},"end":{"line":16,"column":55}},"4":{"start":{"line":17,"column":8},"end":{"line":17,"column":44}},"5":{"start":{"line":24,"column":8},"end":{"line":24,"column":36}}},"branchMap":{"1":{"line":14,"type":"if","locations":[{"start":{"line":14,"column":8},"end":{"line":14,"column":8}},{"start":{"line":14,"column":8},"end":{"line":14,"column":8}}]},"2":{"line":17,"type":"if","locations":[{"start":{"line":17,"column":8},"end":{"line":17,"column":8}},{"start":{"line":17,"column":8},"end":{"line":17,"column":8}}]}}},
"contracts/test/BasicNFT.sol":{"l":{"13":3,"17":16,"18":16,"19":16,"25":0,"29":0},"path":"/home/nachoddiaz/Curso32/hardhat-nft-marketplace/contracts/test/BasicNFT.sol","s":{"1":16,"2":16,"3":0,"4":0},"b":{},"f":{"1":3,"2":16,"3":0,"4":0},"fnMap":{"1":{"name":"constructor","line":12,"loc":{"start":{"line":12,"column":4},"end":{"line":14,"column":4}}},"2":{"name":"mintNft","line":16,"loc":{"start":{"line":16,"column":4},"end":{"line":20,"column":4}}},"3":{"name":"tokenURI","line":22,"loc":{"start":{"line":22,"column":4},"end":{"line":26,"column":4}}},"4":{"name":"getTokenCounter","line":28,"loc":{"start":{"line":28,"column":4},"end":{"line":30,"column":4}}}},"statementMap":{"1":{"start":{"line":17,"column":8},"end":{"line":17,"column":44}},"2":{"start":{"line":18,"column":8},"end":{"line":18,"column":38}},"3":{"start":{"line":25,"column":8},"end":{"line":25,"column":24}},"4":{"start":{"line":29,"column":8},"end":{"line":29,"column":29}}},"branchMap":{}}}
