TN:
SF:/home/nachoddiaz/Curso32/hardhat-nft-marketplace/contracts/NftMarketplace.sol
FN:63,notListed
FN:77,isOwner
FN:90,isListed
FN:113,listItem
FN:136,buyItem
FN:164,cancelListing
FN:182,updateListing
FN:194,withdrawPayment
FN:210,getListings
FN:218,getProceeds
FNF:10
FNH:6
FNDA:13,notListed
FNDA:12,isOwner
FNDA:7,isListed
FNDA:11,listItem
FNDA:6,buyItem
FNDA:0,cancelListing
FNDA:0,updateListing
FNDA:0,withdrawPayment
FNDA:0,getListings
FNDA:1,getProceeds
DA:68,13
DA:69,13
DA:70,1
DA:74,12
DA:82,12
DA:83,12
DA:84,12
DA:85,1
DA:87,11
DA:91,7
DA:92,7
DA:93,1
DA:95,6
DA:114,11
DA:115,1
DA:117,10
DA:118,10
DA:119,1
DA:121,9
DA:122,9
DA:138,6
DA:139,6
DA:140,6
DA:141,6
DA:142,4
DA:144,2
DA:146,2
DA:148,2
DA:149,2
DA:150,2
DA:166,0
DA:167,0
DA:183,0
DA:184,0
DA:195,0
DA:196,0
DA:197,0
DA:199,0
DA:200,0
DA:201,0
DA:202,0
DA:215,0
DA:219,1
LF:43
LH:31
BRDA:69,1,0,1
BRDA:69,1,1,12
BRDA:84,2,0,1
BRDA:84,2,1,11
BRDA:92,3,0,1
BRDA:92,3,1,6
BRDA:113,4,0,12
BRDA:113,4,1,1
BRDA:113,5,0,11
BRDA:113,5,1,1
BRDA:114,6,0,1
BRDA:114,6,1,10
BRDA:118,7,0,1
BRDA:118,7,1,9
BRDA:135,8,0,7
BRDA:135,8,1,0
BRDA:136,9,0,6
BRDA:136,9,1,1
BRDA:139,10,0,6
BRDA:139,10,1,0
BRDA:141,11,0,4
BRDA:141,11,1,2
BRDA:163,12,0,0
BRDA:163,12,1,0
BRDA:164,13,0,0
BRDA:164,13,1,0
BRDA:182,14,0,0
BRDA:182,14,1,0
BRDA:182,15,0,0
BRDA:182,15,1,0
BRDA:196,16,0,0
BRDA:196,16,1,0
BRDA:201,17,0,0
BRDA:201,17,1,0
BRF:34
BRH:20
end_of_record
TN:
SF:/home/nachoddiaz/Curso32/hardhat-nft-marketplace/contracts/PriceConverter.sol
FN:7,getPrice
FN:12,getConvRate
FNF:2
FNH:0
FNDA:0,getPrice
FNDA:0,getConvRate
DA:8,0
DA:9,0
DA:17,0
DA:18,0
DA:20,0
LF:5
LH:0
BRF:0
BRH:0
end_of_record
TN:
SF:/home/nachoddiaz/Curso32/hardhat-nft-marketplace/contracts/ReentrancyAttacks/Vulnerable.sol
FN:8,deposit
FN:12,withdraw
FN:23,getBalance
FNF:3
FNH:0
FNDA:0,deposit
FNDA:0,withdraw
FNDA:0,getBalance
DA:9,0
DA:13,0
DA:14,0
DA:16,0
DA:17,0
DA:19,0
DA:24,0
LF:7
LH:0
BRDA:14,1,0,0
BRDA:14,1,1,0
BRDA:17,2,0,0
BRDA:17,2,1,0
BRF:4
BRH:0
end_of_record
TN:
SF:/home/nachoddiaz/Curso32/hardhat-nft-marketplace/contracts/test/BasicNFT.sol
FN:10,constructor
FN:14,mintNft
FN:20,tokenURI
FN:24,getTokenCounter
FNF:4
FNH:2
FNDA:3,constructor
FNDA:13,mintNft
FNDA:0,tokenURI
FNDA:0,getTokenCounter
DA:11,3
DA:15,13
DA:16,13
DA:17,13
DA:21,0
DA:25,0
LF:6
LH:4
BRF:0
BRH:0
end_of_record
